{"G:\\project\\sapient\\spacexdemo\\src\\App.js": {"path":"G:\\project\\sapient\\spacexdemo\\src\\App.js","statementMap":{"0":{"start":{"line":10,"column":13},"end":{"line":10,"column":15}},"1":{"start":{"line":13,"column":4},"end":{"line":13,"column":17}},"2":{"start":{"line":14,"column":4},"end":{"line":17,"column":6}},"3":{"start":{"line":21,"column":31},"end":{"line":21,"column":41}},"4":{"start":{"line":22,"column":19},"end":{"line":22,"column":54}},"5":{"start":{"line":23,"column":17},"end":{"line":23,"column":36}},"6":{"start":{"line":24,"column":4},"end":{"line":31,"column":5}},"7":{"start":{"line":25,"column":6},"end":{"line":30,"column":7}},"8":{"start":{"line":26,"column":8},"end":{"line":26,"column":92}},"9":{"start":{"line":27,"column":8},"end":{"line":29,"column":9}},"10":{"start":{"line":28,"column":10},"end":{"line":28,"column":40}},"11":{"start":{"line":36,"column":31},"end":{"line":36,"column":41}},"12":{"start":{"line":37,"column":19},"end":{"line":37,"column":54}},"13":{"start":{"line":38,"column":4},"end":{"line":38,"column":83}},"14":{"start":{"line":39,"column":4},"end":{"line":45,"column":5}},"15":{"start":{"line":40,"column":19},"end":{"line":40,"column":42}},"16":{"start":{"line":41,"column":6},"end":{"line":41,"column":36}},"17":{"start":{"line":42,"column":6},"end":{"line":42,"column":108}},"18":{"start":{"line":44,"column":6},"end":{"line":44,"column":32}},"19":{"start":{"line":48,"column":15},"end":{"line":55,"column":3}},"20":{"start":{"line":49,"column":31},"end":{"line":49,"column":41}},"21":{"start":{"line":50,"column":4},"end":{"line":50,"column":22}},"22":{"start":{"line":51,"column":17},"end":{"line":51,"column":56}},"23":{"start":{"line":52,"column":19},"end":{"line":52,"column":42}},"24":{"start":{"line":53,"column":4},"end":{"line":53,"column":30}},"25":{"start":{"line":54,"column":4},"end":{"line":54,"column":106}},"26":{"start":{"line":58,"column":47},"end":{"line":58,"column":57}},"27":{"start":{"line":59,"column":20},"end":{"line":59,"column":73}},"28":{"start":{"line":60,"column":4},"end":{"line":81,"column":5}},"29":{"start":{"line":85,"column":27},"end":{"line":89,"column":1}},"30":{"start":{"line":86,"column":2},"end":{"line":88,"column":4}},"31":{"start":{"line":90,"column":24},"end":{"line":98,"column":1}},"32":{"start":{"line":91,"column":52},"end":{"line":91,"column":76}},"33":{"start":{"line":92,"column":2},"end":{"line":97,"column":3}}},"fnMap":{"0":{"name":"(anonymous_0)","decl":{"start":{"line":12,"column":2},"end":{"line":12,"column":3}},"loc":{"start":{"line":12,"column":21},"end":{"line":18,"column":3}},"line":12},"1":{"name":"(anonymous_1)","decl":{"start":{"line":20,"column":2},"end":{"line":20,"column":3}},"loc":{"start":{"line":20,"column":32},"end":{"line":32,"column":3}},"line":20},"2":{"name":"(anonymous_2)","decl":{"start":{"line":35,"column":2},"end":{"line":35,"column":3}},"loc":{"start":{"line":35,"column":22},"end":{"line":46,"column":3}},"line":35},"3":{"name":"(anonymous_3)","decl":{"start":{"line":48,"column":15},"end":{"line":48,"column":16}},"loc":{"start":{"line":48,"column":27},"end":{"line":55,"column":3}},"line":48},"4":{"name":"(anonymous_4)","decl":{"start":{"line":57,"column":2},"end":{"line":57,"column":3}},"loc":{"start":{"line":57,"column":11},"end":{"line":82,"column":3}},"line":57},"5":{"name":"(anonymous_5)","decl":{"start":{"line":85,"column":27},"end":{"line":85,"column":28}},"loc":{"start":{"line":85,"column":39},"end":{"line":89,"column":1}},"line":85},"6":{"name":"(anonymous_6)","decl":{"start":{"line":90,"column":24},"end":{"line":90,"column":25}},"loc":{"start":{"line":90,"column":35},"end":{"line":98,"column":1}},"line":90}},"branchMap":{"0":{"loc":{"start":{"line":24,"column":4},"end":{"line":31,"column":5}},"type":"if","locations":[{"start":{"line":24,"column":4},"end":{"line":31,"column":5}},{"start":{"line":24,"column":4},"end":{"line":31,"column":5}}],"line":24},"1":{"loc":{"start":{"line":25,"column":6},"end":{"line":30,"column":7}},"type":"if","locations":[{"start":{"line":25,"column":6},"end":{"line":30,"column":7}},{"start":{"line":25,"column":6},"end":{"line":30,"column":7}}],"line":25},"2":{"loc":{"start":{"line":27,"column":8},"end":{"line":29,"column":9}},"type":"if","locations":[{"start":{"line":27,"column":8},"end":{"line":29,"column":9}},{"start":{"line":27,"column":8},"end":{"line":29,"column":9}}],"line":27},"3":{"loc":{"start":{"line":38,"column":13},"end":{"line":38,"column":82}},"type":"cond-expr","locations":[{"start":{"line":38,"column":31},"end":{"line":38,"column":77}},{"start":{"line":38,"column":80},"end":{"line":38,"column":82}}],"line":38},"4":{"loc":{"start":{"line":39,"column":4},"end":{"line":45,"column":5}},"type":"if","locations":[{"start":{"line":39,"column":4},"end":{"line":45,"column":5}},{"start":{"line":39,"column":4},"end":{"line":45,"column":5}}],"line":39},"5":{"loc":{"start":{"line":59,"column":20},"end":{"line":59,"column":73}},"type":"cond-expr","locations":[{"start":{"line":59,"column":54},"end":{"line":59,"column":64}},{"start":{"line":59,"column":67},"end":{"line":59,"column":73}}],"line":59},"6":{"loc":{"start":{"line":59,"column":20},"end":{"line":59,"column":51}},"type":"binary-expr","locations":[{"start":{"line":59,"column":20},"end":{"line":59,"column":30}},{"start":{"line":59,"column":34},"end":{"line":59,"column":51}}],"line":59},"7":{"loc":{"start":{"line":70,"column":13},"end":{"line":73,"column":17}},"type":"cond-expr","locations":[{"start":{"line":70,"column":23},"end":{"line":70,"column":33}},{"start":{"line":71,"column":14},"end":{"line":73,"column":17}}],"line":70},"8":{"loc":{"start":{"line":91,"column":52},"end":{"line":91,"column":76}},"type":"binary-expr","locations":[{"start":{"line":91,"column":52},"end":{"line":91,"column":70}},{"start":{"line":91,"column":74},"end":{"line":91,"column":76}}],"line":91}},"s":{"0":1,"1":1,"2":1,"3":1,"4":1,"5":1,"6":1,"7":0,"8":0,"9":0,"10":0,"11":1,"12":1,"13":1,"14":1,"15":1,"16":1,"17":1,"18":0,"19":1,"20":0,"21":0,"22":0,"23":0,"24":0,"25":0,"26":2,"27":2,"28":2,"29":1,"30":1,"31":1,"32":1,"33":1},"f":{"0":1,"1":1,"2":1,"3":0,"4":2,"5":1,"6":1},"b":{"0":[0,1],"1":[0,0],"2":[0,0],"3":[1,0],"4":[1,0],"5":[0,2],"6":[2,0],"7":[0,2],"8":[1,1]},"_coverageSchema":"43e27e138ebf9cfc5966b082cf9a028302ed4184","hash":"e08e10a74eae938e58fd0097c5195f910d55bb9e"}
,"G:\\project\\sapient\\spacexdemo\\src\\index.js": {"path":"G:\\project\\sapient\\spacexdemo\\src\\index.js","statementMap":{"0":{"start":{"line":9,"column":0},"end":{"line":19,"column":1}}},"fnMap":{},"branchMap":{},"s":{"0":0},"f":{},"b":{},"hash":"040504463f831ae09bf30f9cbd9b491e351754e4"}
,"G:\\project\\sapient\\spacexdemo\\src\\actions\\actionsType.js": {"path":"G:\\project\\sapient\\spacexdemo\\src\\actions\\actionsType.js","statementMap":{"0":{"start":{"line":1,"column":31},"end":{"line":1,"column":48}},"1":{"start":{"line":2,"column":24},"end":{"line":2,"column":34}},"2":{"start":{"line":3,"column":23},"end":{"line":3,"column":32}},"3":{"start":{"line":4,"column":31},"end":{"line":4,"column":48}},"4":{"start":{"line":5,"column":22},"end":{"line":5,"column":30}},"5":{"start":{"line":6,"column":30},"end":{"line":6,"column":46}},"6":{"start":{"line":7,"column":30},"end":{"line":7,"column":46}},"7":{"start":{"line":8,"column":25},"end":{"line":8,"column":36}}},"fnMap":{},"branchMap":{},"s":{"0":1,"1":1,"2":1,"3":1,"4":1,"5":1,"6":1,"7":1},"f":{},"b":{},"_coverageSchema":"43e27e138ebf9cfc5966b082cf9a028302ed4184","hash":"1bfd7f558810a13ae06e3c96878cc06b86ce30bc"}
,"G:\\project\\sapient\\spacexdemo\\src\\actions\\index.js": {"path":"G:\\project\\sapient\\spacexdemo\\src\\actions\\index.js","statementMap":{"0":{"start":{"line":13,"column":23},"end":{"line":17,"column":1}},"1":{"start":{"line":14,"column":4},"end":{"line":16,"column":5}},"2":{"start":{"line":24,"column":27},"end":{"line":29,"column":1}},"3":{"start":{"line":25,"column":4},"end":{"line":28,"column":5}},"4":{"start":{"line":31,"column":31},"end":{"line":36,"column":1}},"5":{"start":{"line":32,"column":4},"end":{"line":35,"column":5}},"6":{"start":{"line":43,"column":4},"end":{"line":46,"column":5}},"7":{"start":{"line":53,"column":33},"end":{"line":58,"column":1}},"8":{"start":{"line":54,"column":4},"end":{"line":57,"column":5}}},"fnMap":{"0":{"name":"(anonymous_0)","decl":{"start":{"line":13,"column":23},"end":{"line":13,"column":24}},"loc":{"start":{"line":13,"column":33},"end":{"line":17,"column":1}},"line":13},"1":{"name":"(anonymous_1)","decl":{"start":{"line":24,"column":27},"end":{"line":24,"column":28}},"loc":{"start":{"line":24,"column":45},"end":{"line":29,"column":1}},"line":24},"2":{"name":"(anonymous_2)","decl":{"start":{"line":31,"column":31},"end":{"line":31,"column":32}},"loc":{"start":{"line":31,"column":49},"end":{"line":36,"column":1}},"line":31},"3":{"name":"fetchStatus","decl":{"start":{"line":42,"column":16},"end":{"line":42,"column":27}},"loc":{"start":{"line":42,"column":34},"end":{"line":47,"column":1}},"line":42},"4":{"name":"(anonymous_4)","decl":{"start":{"line":53,"column":33},"end":{"line":53,"column":34}},"loc":{"start":{"line":53,"column":43},"end":{"line":58,"column":1}},"line":53}},"branchMap":{},"s":{"0":1,"1":1,"2":1,"3":0,"4":1,"5":0,"6":1,"7":1,"8":0},"f":{"0":1,"1":0,"2":0,"3":1,"4":0},"b":{},"_coverageSchema":"43e27e138ebf9cfc5966b082cf9a028302ed4184","hash":"4233716c8523df969a13f028b7e4c6243f5f250d"}
,"G:\\project\\sapient\\spacexdemo\\src\\containers\\Cards\\index.jsx": {"path":"G:\\project\\sapient\\spacexdemo\\src\\containers\\Cards\\index.jsx","statementMap":{"0":{"start":{"line":3,"column":14},"end":{"line":34,"column":1}},"1":{"start":{"line":4,"column":4},"end":{"line":32,"column":20}},"2":{"start":{"line":8,"column":133},"end":{"line":8,"column":136}},"3":{"start":{"line":9,"column":20},"end":{"line":27,"column":21}},"4":{"start":{"line":18,"column":36},"end":{"line":18,"column":77}}},"fnMap":{"0":{"name":"(anonymous_0)","decl":{"start":{"line":3,"column":14},"end":{"line":3,"column":15}},"loc":{"start":{"line":3,"column":28},"end":{"line":34,"column":1}},"line":3},"1":{"name":"(anonymous_1)","decl":{"start":{"line":7,"column":34},"end":{"line":7,"column":35}},"loc":{"start":{"line":7,"column":50},"end":{"line":28,"column":17}},"line":7},"2":{"name":"(anonymous_2)","decl":{"start":{"line":17,"column":62},"end":{"line":17,"column":63}},"loc":{"start":{"line":17,"column":77},"end":{"line":19,"column":33}},"line":17}},"branchMap":{"0":{"loc":{"start":{"line":7,"column":17},"end":{"line":28,"column":18}},"type":"binary-expr","locations":[{"start":{"line":7,"column":17},"end":{"line":7,"column":21}},{"start":{"line":7,"column":25},"end":{"line":28,"column":18}}],"line":7},"1":{"loc":{"start":{"line":17,"column":33},"end":{"line":19,"column":34}},"type":"binary-expr","locations":[{"start":{"line":17,"column":33},"end":{"line":17,"column":43}},{"start":{"line":17,"column":47},"end":{"line":19,"column":34}}],"line":17},"2":{"loc":{"start":{"line":24,"column":66},"end":{"line":24,"column":99}},"type":"cond-expr","locations":[{"start":{"line":24,"column":83},"end":{"line":24,"column":89}},{"start":{"line":24,"column":92},"end":{"line":24,"column":99}}],"line":24},"3":{"loc":{"start":{"line":25,"column":70},"end":{"line":25,"column":122}},"type":"cond-expr","locations":[{"start":{"line":25,"column":106},"end":{"line":25,"column":112}},{"start":{"line":25,"column":115},"end":{"line":25,"column":122}}],"line":25}},"s":{"0":2,"1":3,"2":1,"3":1,"4":1},"f":{"0":3,"1":1,"2":1},"b":{"0":[3,1],"1":[1,1],"2":[1,0],"3":[0,1]},"_coverageSchema":"43e27e138ebf9cfc5966b082cf9a028302ed4184","hash":"c0d39408b89dae829d4a2fa6804851db7fc1184c"}
,"G:\\project\\sapient\\spacexdemo\\src\\containers\\Filter\\index.jsx": {"path":"G:\\project\\sapient\\spacexdemo\\src\\containers\\Filter\\index.jsx","statementMap":{"0":{"start":{"line":4,"column":18},"end":{"line":15,"column":1}},"1":{"start":{"line":5,"column":4},"end":{"line":14,"column":6}},"2":{"start":{"line":6,"column":21},"end":{"line":6,"column":76}},"3":{"start":{"line":7,"column":8},"end":{"line":13,"column":18}},"4":{"start":{"line":10,"column":30},"end":{"line":10,"column":46}},"5":{"start":{"line":16,"column":16},"end":{"line":40,"column":1}},"6":{"start":{"line":17,"column":4},"end":{"line":39,"column":5}},"7":{"start":{"line":26,"column":38},"end":{"line":26,"column":55}},"8":{"start":{"line":29,"column":38},"end":{"line":29,"column":56}},"9":{"start":{"line":35,"column":38},"end":{"line":35,"column":55}},"10":{"start":{"line":36,"column":38},"end":{"line":36,"column":56}}},"fnMap":{"0":{"name":"(anonymous_0)","decl":{"start":{"line":4,"column":18},"end":{"line":4,"column":19}},"loc":{"start":{"line":4,"column":64},"end":{"line":15,"column":1}},"line":4},"1":{"name":"(anonymous_1)","decl":{"start":{"line":5,"column":34},"end":{"line":5,"column":35}},"loc":{"start":{"line":5,"column":47},"end":{"line":14,"column":5}},"line":5},"2":{"name":"(anonymous_2)","decl":{"start":{"line":10,"column":25},"end":{"line":10,"column":26}},"loc":{"start":{"line":10,"column":30},"end":{"line":10,"column":46}},"line":10},"3":{"name":"(anonymous_3)","decl":{"start":{"line":16,"column":16},"end":{"line":16,"column":17}},"loc":{"start":{"line":16,"column":56},"end":{"line":40,"column":1}},"line":16},"4":{"name":"(anonymous_4)","decl":{"start":{"line":26,"column":33},"end":{"line":26,"column":34}},"loc":{"start":{"line":26,"column":38},"end":{"line":26,"column":55}},"line":26},"5":{"name":"(anonymous_5)","decl":{"start":{"line":29,"column":33},"end":{"line":29,"column":34}},"loc":{"start":{"line":29,"column":38},"end":{"line":29,"column":56}},"line":29},"6":{"name":"(anonymous_6)","decl":{"start":{"line":35,"column":33},"end":{"line":35,"column":34}},"loc":{"start":{"line":35,"column":38},"end":{"line":35,"column":55}},"line":35},"7":{"name":"(anonymous_7)","decl":{"start":{"line":36,"column":33},"end":{"line":36,"column":34}},"loc":{"start":{"line":36,"column":38},"end":{"line":36,"column":56}},"line":36}},"branchMap":{"0":{"loc":{"start":{"line":5,"column":11},"end":{"line":14,"column":6}},"type":"binary-expr","locations":[{"start":{"line":5,"column":11},"end":{"line":5,"column":18}},{"start":{"line":5,"column":22},"end":{"line":14,"column":6}}],"line":5},"1":{"loc":{"start":{"line":6,"column":21},"end":{"line":6,"column":76}},"type":"cond-expr","locations":[{"start":{"line":6,"column":52},"end":{"line":6,"column":66}},{"start":{"line":6,"column":69},"end":{"line":6,"column":76}}],"line":6}},"s":{"0":2,"1":3,"2":2,"3":2,"4":0,"5":2,"6":3,"7":0,"8":0,"9":0,"10":0},"f":{"0":3,"1":2,"2":0,"3":3,"4":0,"5":0,"6":0,"7":0},"b":{"0":[3,2],"1":[1,1]},"_coverageSchema":"43e27e138ebf9cfc5966b082cf9a028302ed4184","hash":"302b79d4307b6a8f6f24636141606d4a052b41f3"}
,"G:\\project\\sapient\\spacexdemo\\src\\containers\\Loader\\index.jsx": {"path":"G:\\project\\sapient\\spacexdemo\\src\\containers\\Loader\\index.jsx","statementMap":{"0":{"start":{"line":3,"column":15},"end":{"line":9,"column":1}},"1":{"start":{"line":4,"column":4},"end":{"line":8,"column":5}}},"fnMap":{"0":{"name":"(anonymous_0)","decl":{"start":{"line":3,"column":15},"end":{"line":3,"column":16}},"loc":{"start":{"line":3,"column":21},"end":{"line":9,"column":1}},"line":3}},"branchMap":{},"s":{"0":2,"1":1},"f":{"0":1},"b":{},"_coverageSchema":"43e27e138ebf9cfc5966b082cf9a028302ed4184","hash":"7c43ce6a160515874cd53d7bc1066ab3efd6e0df"}
,"G:\\project\\sapient\\spacexdemo\\src\\reducers\\index.js": {"path":"G:\\project\\sapient\\spacexdemo\\src\\reducers\\index.js","statementMap":{"0":{"start":{"line":8,"column":21},"end":{"line":13,"column":1}},"1":{"start":{"line":15,"column":4},"end":{"line":15,"column":25}},"2":{"start":{"line":16,"column":4},"end":{"line":27,"column":5}},"3":{"start":{"line":18,"column":12},"end":{"line":18,"column":114}},"4":{"start":{"line":20,"column":12},"end":{"line":20,"column":119}},"5":{"start":{"line":22,"column":12},"end":{"line":22,"column":47}},"6":{"start":{"line":24,"column":12},"end":{"line":24,"column":70}},"7":{"start":{"line":26,"column":12},"end":{"line":26,"column":25}}},"fnMap":{"0":{"name":"SpaceReducer","decl":{"start":{"line":14,"column":9},"end":{"line":14,"column":21}},"loc":{"start":{"line":14,"column":37},"end":{"line":28,"column":1}},"line":14}},"branchMap":{"0":{"loc":{"start":{"line":16,"column":4},"end":{"line":27,"column":5}},"type":"switch","locations":[{"start":{"line":17,"column":8},"end":{"line":18,"column":114}},{"start":{"line":19,"column":8},"end":{"line":20,"column":119}},{"start":{"line":21,"column":8},"end":{"line":22,"column":47}},{"start":{"line":23,"column":8},"end":{"line":24,"column":70}},{"start":{"line":25,"column":8},"end":{"line":26,"column":25}}],"line":16}},"s":{"0":0,"1":0,"2":0,"3":0,"4":0,"5":0,"6":0,"7":0},"f":{"0":0},"b":{"0":[0,0,0,0,0]},"hash":"13d56cb5893c5b032d3b04acc66b4e304307cd01"}
,"G:\\project\\sapient\\spacexdemo\\src\\services\\index.js": {"path":"G:\\project\\sapient\\spacexdemo\\src\\services\\index.js","statementMap":{"0":{"start":{"line":3,"column":15},"end":{"line":3,"column":55}},"1":{"start":{"line":4,"column":14},"end":{"line":4,"column":16}},"2":{"start":{"line":5,"column":24},"end":{"line":11,"column":1}},"3":{"start":{"line":6,"column":20},"end":{"line":6,"column":38}},"4":{"start":{"line":7,"column":21},"end":{"line":7,"column":36}},"5":{"start":{"line":8,"column":4},"end":{"line":10,"column":6}},"6":{"start":{"line":9,"column":8},"end":{"line":9,"column":51}},"7":{"start":{"line":12,"column":28},"end":{"line":24,"column":1}},"8":{"start":{"line":12,"column":34},"end":{"line":24,"column":1}},"9":{"start":{"line":13,"column":4},"end":{"line":13,"column":27}},"10":{"start":{"line":14,"column":4},"end":{"line":14,"column":31}},"11":{"start":{"line":15,"column":4},"end":{"line":23,"column":7}},"12":{"start":{"line":16,"column":8},"end":{"line":16,"column":32}},"13":{"start":{"line":17,"column":24},"end":{"line":17,"column":44}},"14":{"start":{"line":18,"column":8},"end":{"line":18,"column":40}},"15":{"start":{"line":19,"column":8},"end":{"line":19,"column":68}},"16":{"start":{"line":20,"column":8},"end":{"line":20,"column":44}},"17":{"start":{"line":22,"column":8},"end":{"line":22,"column":42}},"18":{"start":{"line":26,"column":24},"end":{"line":35,"column":1}},"19":{"start":{"line":26,"column":35},"end":{"line":35,"column":1}},"20":{"start":{"line":27,"column":4},"end":{"line":27,"column":27}},"21":{"start":{"line":28,"column":4},"end":{"line":28,"column":31}},"22":{"start":{"line":29,"column":4},"end":{"line":34,"column":7}},"23":{"start":{"line":30,"column":8},"end":{"line":30,"column":32}},"24":{"start":{"line":31,"column":8},"end":{"line":31,"column":48}},"25":{"start":{"line":33,"column":8},"end":{"line":33,"column":42}}},"fnMap":{"0":{"name":"(anonymous_0)","decl":{"start":{"line":5,"column":24},"end":{"line":5,"column":25}},"loc":{"start":{"line":5,"column":33},"end":{"line":11,"column":1}},"line":5},"1":{"name":"(anonymous_1)","decl":{"start":{"line":8,"column":24},"end":{"line":8,"column":25}},"loc":{"start":{"line":8,"column":31},"end":{"line":10,"column":5}},"line":8},"2":{"name":"(anonymous_2)","decl":{"start":{"line":12,"column":28},"end":{"line":12,"column":29}},"loc":{"start":{"line":12,"column":34},"end":{"line":24,"column":1}},"line":12},"3":{"name":"(anonymous_3)","decl":{"start":{"line":12,"column":34},"end":{"line":12,"column":35}},"loc":{"start":{"line":12,"column":48},"end":{"line":24,"column":1}},"line":12},"4":{"name":"(anonymous_4)","decl":{"start":{"line":15,"column":79},"end":{"line":15,"column":80}},"loc":{"start":{"line":15,"column":86},"end":{"line":21,"column":5}},"line":15},"5":{"name":"(anonymous_5)","decl":{"start":{"line":21,"column":13},"end":{"line":21,"column":14}},"loc":{"start":{"line":21,"column":22},"end":{"line":23,"column":5}},"line":21},"6":{"name":"(anonymous_6)","decl":{"start":{"line":26,"column":24},"end":{"line":26,"column":25}},"loc":{"start":{"line":26,"column":35},"end":{"line":35,"column":1}},"line":26},"7":{"name":"(anonymous_7)","decl":{"start":{"line":26,"column":35},"end":{"line":26,"column":36}},"loc":{"start":{"line":26,"column":49},"end":{"line":35,"column":1}},"line":26},"8":{"name":"(anonymous_8)","decl":{"start":{"line":29,"column":89},"end":{"line":29,"column":90}},"loc":{"start":{"line":29,"column":96},"end":{"line":32,"column":5}},"line":29},"9":{"name":"(anonymous_9)","decl":{"start":{"line":32,"column":13},"end":{"line":32,"column":14}},"loc":{"start":{"line":32,"column":22},"end":{"line":34,"column":5}},"line":32}},"branchMap":{"0":{"loc":{"start":{"line":7,"column":21},"end":{"line":7,"column":36}},"type":"binary-expr","locations":[{"start":{"line":7,"column":21},"end":{"line":7,"column":24}},{"start":{"line":7,"column":28},"end":{"line":7,"column":36}}],"line":7}},"s":{"0":1,"1":1,"2":1,"3":0,"4":0,"5":0,"6":0,"7":1,"8":0,"9":0,"10":0,"11":0,"12":0,"13":0,"14":0,"15":0,"16":0,"17":0,"18":1,"19":1,"20":1,"21":1,"22":1,"23":0,"24":0,"25":0},"f":{"0":0,"1":0,"2":0,"3":0,"4":0,"5":0,"6":1,"7":1,"8":0,"9":0},"b":{"0":[0,0]},"_coverageSchema":"43e27e138ebf9cfc5966b082cf9a028302ed4184","hash":"e49fd9dc100c57eb1ae11763b54187ac36ef5ce6"}
,"G:\\project\\sapient\\spacexdemo\\src\\store\\index.js": {"path":"G:\\project\\sapient\\spacexdemo\\src\\store\\index.js","statementMap":{"0":{"start":{"line":6,"column":2},"end":{"line":10,"column":13}},"1":{"start":{"line":12,"column":25},"end":{"line":12,"column":85}}},"fnMap":{},"branchMap":{"0":{"loc":{"start":{"line":6,"column":2},"end":{"line":10,"column":13}},"type":"cond-expr","locations":[{"start":{"line":8,"column":4},"end":{"line":10,"column":3}},{"start":{"line":10,"column":6},"end":{"line":10,"column":13}}],"line":6},"1":{"loc":{"start":{"line":6,"column":2},"end":{"line":7,"column":45}},"type":"binary-expr","locations":[{"start":{"line":6,"column":2},"end":{"line":6,"column":28}},{"start":{"line":7,"column":2},"end":{"line":7,"column":45}}],"line":6}},"s":{"0":0,"1":0},"f":{},"b":{"0":[0,0],"1":[0,0]},"hash":"a7dfe3ee894ea5f2772d683347b0815c47966c15"}
}
